<?xml version="1.0" encoding="UTF-8"?>
<!-- Generated by org.testng.reporters.JUnitReportReporter -->
<testsuite skipped="0" hostname="CDC2-L-G01FPT0" name="LoginTestCases.BothIncorrect" tests="1" failures="0" timestamp="29 Mar 2021 13:22:57 GMT" time="12.551" errors="0">
  <testcase name="loginWithBothIncorrect" time="12.551" classname="LoginTestCases.BothIncorrect"/>
</testsuite> <!-- LoginTestCases.BothIncorrect -->
