<?xml version="1.0" encoding="UTF-8"?>
<!-- Generated by org.testng.reporters.JUnitReportReporter -->
<testsuite skipped="0" hostname="CDC2-L-G01FPT0" name="LoginTestCases.DataProviderClass" tests="4" failures="0" timestamp="29 Mar 2021 13:48:01 GMT" time="68.654" errors="0">
  <testcase name="login" time="19.115" classname="LoginTestCases.DataProviderClass"/>
  <testcase name="login" time="15.032" classname="LoginTestCases.DataProviderClass"/>
  <testcase name="login" time="18.201" classname="LoginTestCases.DataProviderClass"/>
  <testcase name="login" time="16.306" classname="LoginTestCases.DataProviderClass"/>
</testsuite> <!-- LoginTestCases.DataProviderClass -->
