<?xml version="1.0" encoding="UTF-8"?>
<!-- Generated by org.testng.reporters.JUnitReportReporter -->
<testsuite skipped="0" hostname="CDC2-L-G01FPT0" name="LoginTestCases.CorrectPassword" tests="1" failures="0" timestamp="29 Mar 2021 13:22:57 GMT" time="12.286" errors="0">
  <testcase name="loginWithCorrectPassword" time="12.286" classname="LoginTestCases.CorrectPassword"/>
</testsuite> <!-- LoginTestCases.CorrectPassword -->
