<?xml version="1.0" encoding="UTF-8"?>
<!-- Generated by org.testng.reporters.JUnitReportReporter -->
<testsuite skipped="0" hostname="CDC2-L-G01FPT0" name="LoginTestCases.ExcelDataFromJxl" tests="4" failures="0" timestamp="30 Mar 2021 10:23:12 GMT" time="4.385" errors="0">
  <testcase name="login" time="0.943" classname="LoginTestCases.ExcelDataFromJxl"/>
  <testcase name="login" time="0.898" classname="LoginTestCases.ExcelDataFromJxl"/>
  <testcase name="login" time="1.305" classname="LoginTestCases.ExcelDataFromJxl"/>
  <testcase name="login" time="1.239" classname="LoginTestCases.ExcelDataFromJxl"/>
</testsuite> <!-- LoginTestCases.ExcelDataFromJxl -->
