<?xml version="1.0" encoding="UTF-8"?>
<!-- Generated by org.testng.reporters.JUnitReportReporter -->
<testsuite skipped="0" hostname="CDC2-L-G01FPT0" name="LoginTestCases.BothCorrect" tests="1" failures="0" timestamp="29 Mar 2021 13:22:57 GMT" time="16.654" errors="0">
  <testcase name="loginWithBothCorrect" time="16.654" classname="LoginTestCases.BothCorrect"/>
</testsuite> <!-- LoginTestCases.BothCorrect -->
